{"/home/ols/repos/job-hunting/moving-object/src/app.js": {"path":"/home/ols/repos/job-hunting/moving-object/src/app.js","statementMap":{"0":{"start":{"line":1,"column":17},"end":{"line":1,"column":36}},"1":{"start":{"line":3,"column":11},"end":{"line":6,"column":2}},"2":{"start":{"line":7,"column":14},"end":{"line":7,"column":16}},"3":{"start":{"line":8,"column":18},"end":{"line":8,"column":20}},"4":{"start":{"line":9,"column":0},"end":{"line":15,"column":1}},"5":{"start":{"line":10,"column":15},"end":{"line":10,"column":43}},"6":{"start":{"line":11,"column":2},"end":{"line":11,"column":36}},"7":{"start":{"line":12,"column":2},"end":{"line":12,"column":35}},"8":{"start":{"line":14,"column":2},"end":{"line":14,"column":19}},"9":{"start":{"line":17,"column":0},"end":{"line":19,"column":3}},"10":{"start":{"line":18,"column":2},"end":{"line":18,"column":21}},"11":{"start":{"line":23,"column":2},"end":{"line":35,"column":3}},"12":{"start":{"line":24,"column":21},"end":{"line":24,"column":38}},"13":{"start":{"line":25,"column":4},"end":{"line":29,"column":5}},"14":{"start":{"line":26,"column":6},"end":{"line":26,"column":61}},"15":{"start":{"line":28,"column":6},"end":{"line":28,"column":35}},"16":{"start":{"line":30,"column":4},"end":{"line":30,"column":42}},"17":{"start":{"line":32,"column":4},"end":{"line":32,"column":39}},"18":{"start":{"line":34,"column":4},"end":{"line":34,"column":19}},"19":{"start":{"line":39,"column":2},"end":{"line":43,"column":30}},"20":{"start":{"line":43,"column":19},"end":{"line":43,"column":28}},"21":{"start":{"line":47,"column":2},"end":{"line":47,"column":49}},"22":{"start":{"line":47,"column":31},"end":{"line":47,"column":47}},"23":{"start":{"line":51,"column":2},"end":{"line":63,"column":3}},"24":{"start":{"line":52,"column":14},"end":{"line":52,"column":19}},"25":{"start":{"line":53,"column":4},"end":{"line":59,"column":5}},"26":{"start":{"line":54,"column":6},"end":{"line":58,"column":7}},"27":{"start":{"line":55,"column":8},"end":{"line":55,"column":31}},"28":{"start":{"line":57,"column":8},"end":{"line":57,"column":36}},"29":{"start":{"line":60,"column":4},"end":{"line":60,"column":27}},"30":{"start":{"line":62,"column":4},"end":{"line":62,"column":14}},"31":{"start":{"line":67,"column":2},"end":{"line":86,"column":3}},"32":{"start":{"line":68,"column":4},"end":{"line":83,"column":5}},"33":{"start":{"line":70,"column":8},"end":{"line":70,"column":38}},"34":{"start":{"line":71,"column":8},"end":{"line":71,"column":14}},"35":{"start":{"line":73,"column":8},"end":{"line":73,"column":40}},"36":{"start":{"line":74,"column":8},"end":{"line":74,"column":14}},"37":{"start":{"line":76,"column":8},"end":{"line":76,"column":35}},"38":{"start":{"line":77,"column":8},"end":{"line":77,"column":14}},"39":{"start":{"line":79,"column":8},"end":{"line":79,"column":39}},"40":{"start":{"line":80,"column":8},"end":{"line":80,"column":14}},"41":{"start":{"line":82,"column":8},"end":{"line":82,"column":14}},"42":{"start":{"line":85,"column":4},"end":{"line":85,"column":14}},"43":{"start":{"line":87,"column":2},"end":{"line":87,"column":13}},"44":{"start":{"line":90,"column":19},"end":{"line":92,"column":1}},"45":{"start":{"line":91,"column":2},"end":{"line":91,"column":25}},"46":{"start":{"line":94,"column":17},"end":{"line":94,"column":73}},"47":{"start":{"line":94,"column":34},"end":{"line":94,"column":72}},"48":{"start":{"line":95,"column":17},"end":{"line":95,"column":58}},"49":{"start":{"line":95,"column":27},"end":{"line":95,"column":57}},"50":{"start":{"line":98,"column":18},"end":{"line":98,"column":21}},"51":{"start":{"line":99,"column":23},"end":{"line":99,"column":28}},"52":{"start":{"line":100,"column":2},"end":{"line":118,"column":3}},"53":{"start":{"line":101,"column":4},"end":{"line":115,"column":5}},"54":{"start":{"line":103,"column":8},"end":{"line":103,"column":24}},"55":{"start":{"line":104,"column":8},"end":{"line":104,"column":14}},"56":{"start":{"line":106,"column":8},"end":{"line":106,"column":30}},"57":{"start":{"line":107,"column":8},"end":{"line":107,"column":14}},"58":{"start":{"line":109,"column":8},"end":{"line":109,"column":24}},"59":{"start":{"line":110,"column":8},"end":{"line":110,"column":14}},"60":{"start":{"line":112,"column":8},"end":{"line":112,"column":30}},"61":{"start":{"line":113,"column":8},"end":{"line":113,"column":14}},"62":{"start":{"line":117,"column":4},"end":{"line":117,"column":14}},"63":{"start":{"line":119,"column":2},"end":{"line":119,"column":19}},"64":{"start":{"line":123,"column":18},"end":{"line":123,"column":21}},"65":{"start":{"line":124,"column":23},"end":{"line":124,"column":28}},"66":{"start":{"line":125,"column":2},"end":{"line":139,"column":3}},"67":{"start":{"line":127,"column":6},"end":{"line":127,"column":28}},"68":{"start":{"line":128,"column":6},"end":{"line":128,"column":12}},"69":{"start":{"line":130,"column":6},"end":{"line":130,"column":22}},"70":{"start":{"line":131,"column":6},"end":{"line":131,"column":12}},"71":{"start":{"line":133,"column":6},"end":{"line":133,"column":28}},"72":{"start":{"line":134,"column":6},"end":{"line":134,"column":12}},"73":{"start":{"line":136,"column":6},"end":{"line":136,"column":22}},"74":{"start":{"line":137,"column":6},"end":{"line":137,"column":12}},"75":{"start":{"line":140,"column":2},"end":{"line":140,"column":19}},"76":{"start":{"line":143,"column":18},"end":{"line":143,"column":21}},"77":{"start":{"line":144,"column":21},"end":{"line":144,"column":41}},"78":{"start":{"line":145,"column":10},"end":{"line":145,"column":31}},"79":{"start":{"line":146,"column":2},"end":{"line":146,"column":24}},"80":{"start":{"line":147,"column":2},"end":{"line":147,"column":31}},"81":{"start":{"line":151,"column":18},"end":{"line":151,"column":21}},"82":{"start":{"line":152,"column":21},"end":{"line":152,"column":41}},"83":{"start":{"line":153,"column":10},"end":{"line":153,"column":31}},"84":{"start":{"line":154,"column":2},"end":{"line":154,"column":24}},"85":{"start":{"line":155,"column":2},"end":{"line":155,"column":31}},"86":{"start":{"line":158,"column":0},"end":{"line":166,"column":2}}},"fnMap":{"0":{"name":"(anonymous_0)","decl":{"start":{"line":17,"column":14},"end":{"line":17,"column":15}},"loc":{"start":{"line":17,"column":24},"end":{"line":19,"column":1}},"line":17},"1":{"name":"processStdin","decl":{"start":{"line":21,"column":9},"end":{"line":21,"column":21}},"loc":{"start":{"line":21,"column":28},"end":{"line":36,"column":1}},"line":21},"2":{"name":"formatStdin","decl":{"start":{"line":38,"column":9},"end":{"line":38,"column":20}},"loc":{"start":{"line":38,"column":28},"end":{"line":44,"column":1}},"line":38},"3":{"name":"(anonymous_3)","decl":{"start":{"line":43,"column":12},"end":{"line":43,"column":13}},"loc":{"start":{"line":43,"column":19},"end":{"line":43,"column":28}},"line":43},"4":{"name":"isEveryCommandCorrect","decl":{"start":{"line":46,"column":9},"end":{"line":46,"column":30}},"loc":{"start":{"line":46,"column":41},"end":{"line":48,"column":1}},"line":46},"5":{"name":"(anonymous_5)","decl":{"start":{"line":47,"column":24},"end":{"line":47,"column":25}},"loc":{"start":{"line":47,"column":31},"end":{"line":47,"column":47}},"line":47},"6":{"name":"findFinalPosition","decl":{"start":{"line":50,"column":9},"end":{"line":50,"column":26}},"loc":{"start":{"line":50,"column":51},"end":{"line":64,"column":1}},"line":50},"7":{"name":"move","decl":{"start":{"line":66,"column":9},"end":{"line":66,"column":13}},"loc":{"start":{"line":66,"column":31},"end":{"line":88,"column":1}},"line":66},"8":{"name":"(anonymous_8)","decl":{"start":{"line":90,"column":19},"end":{"line":90,"column":20}},"loc":{"start":{"line":90,"column":25},"end":{"line":92,"column":1}},"line":90},"9":{"name":"(anonymous_9)","decl":{"start":{"line":94,"column":17},"end":{"line":94,"column":18}},"loc":{"start":{"line":94,"column":34},"end":{"line":94,"column":72}},"line":94},"10":{"name":"(anonymous_10)","decl":{"start":{"line":95,"column":17},"end":{"line":95,"column":18}},"loc":{"start":{"line":95,"column":27},"end":{"line":95,"column":57}},"line":95},"11":{"name":"stepForward","decl":{"start":{"line":97,"column":9},"end":{"line":97,"column":20}},"loc":{"start":{"line":97,"column":33},"end":{"line":120,"column":1}},"line":97},"12":{"name":"stepBackwards","decl":{"start":{"line":122,"column":9},"end":{"line":122,"column":22}},"loc":{"start":{"line":122,"column":35},"end":{"line":141,"column":1}},"line":122},"13":{"name":"rotateClockwise","decl":{"start":{"line":142,"column":9},"end":{"line":142,"column":24}},"loc":{"start":{"line":142,"column":30},"end":{"line":148,"column":1}},"line":142},"14":{"name":"rotateAntiClockwise","decl":{"start":{"line":150,"column":9},"end":{"line":150,"column":28}},"loc":{"start":{"line":150,"column":34},"end":{"line":156,"column":1}},"line":150}},"branchMap":{"0":{"loc":{"start":{"line":25,"column":4},"end":{"line":29,"column":5}},"type":"if","locations":[{"start":{"line":25,"column":4},"end":{"line":29,"column":5}},{"start":{"line":27,"column":11},"end":{"line":29,"column":5}}],"line":25},"1":{"loc":{"start":{"line":47,"column":31},"end":{"line":47,"column":47}},"type":"binary-expr","locations":[{"start":{"line":47,"column":31},"end":{"line":47,"column":37}},{"start":{"line":47,"column":41},"end":{"line":47,"column":47}}],"line":47},"2":{"loc":{"start":{"line":54,"column":6},"end":{"line":58,"column":7}},"type":"if","locations":[{"start":{"line":54,"column":6},"end":{"line":58,"column":7}},{"start":{"line":56,"column":13},"end":{"line":58,"column":7}}],"line":54},"3":{"loc":{"start":{"line":68,"column":4},"end":{"line":83,"column":5}},"type":"switch","locations":[{"start":{"line":69,"column":6},"end":{"line":71,"column":14}},{"start":{"line":72,"column":6},"end":{"line":74,"column":14}},{"start":{"line":75,"column":6},"end":{"line":77,"column":14}},{"start":{"line":78,"column":6},"end":{"line":80,"column":14}},{"start":{"line":81,"column":6},"end":{"line":82,"column":14}}],"line":68},"4":{"loc":{"start":{"line":94,"column":34},"end":{"line":94,"column":72}},"type":"cond-expr","locations":[{"start":{"line":94,"column":52},"end":{"line":94,"column":57}},{"start":{"line":94,"column":60},"end":{"line":94,"column":72}}],"line":94},"5":{"loc":{"start":{"line":95,"column":27},"end":{"line":95,"column":57}},"type":"cond-expr","locations":[{"start":{"line":95,"column":37},"end":{"line":95,"column":42}},{"start":{"line":95,"column":45},"end":{"line":95,"column":57}}],"line":95},"6":{"loc":{"start":{"line":101,"column":4},"end":{"line":115,"column":5}},"type":"switch","locations":[{"start":{"line":102,"column":6},"end":{"line":104,"column":14}},{"start":{"line":105,"column":6},"end":{"line":107,"column":14}},{"start":{"line":108,"column":6},"end":{"line":110,"column":14}},{"start":{"line":111,"column":6},"end":{"line":113,"column":14}},{"start":{"line":114,"column":6},"end":{"line":114,"column":14}}],"line":101},"7":{"loc":{"start":{"line":125,"column":2},"end":{"line":139,"column":3}},"type":"switch","locations":[{"start":{"line":126,"column":4},"end":{"line":128,"column":12}},{"start":{"line":129,"column":4},"end":{"line":131,"column":12}},{"start":{"line":132,"column":4},"end":{"line":134,"column":12}},{"start":{"line":135,"column":4},"end":{"line":137,"column":12}},{"start":{"line":138,"column":4},"end":{"line":138,"column":12}}],"line":125},"8":{"loc":{"start":{"line":146,"column":6},"end":{"line":146,"column":23}},"type":"cond-expr","locations":[{"start":{"line":146,"column":16},"end":{"line":146,"column":19}},{"start":{"line":146,"column":22},"end":{"line":146,"column":23}}],"line":146},"9":{"loc":{"start":{"line":154,"column":6},"end":{"line":154,"column":23}},"type":"cond-expr","locations":[{"start":{"line":154,"column":16},"end":{"line":154,"column":19}},{"start":{"line":154,"column":22},"end":{"line":154,"column":23}}],"line":154}},"s":{"0":1,"1":1,"2":1,"3":1,"4":1,"5":1,"6":1,"7":1,"8":0,"9":1,"10":0,"11":0,"12":0,"13":0,"14":0,"15":0,"16":0,"17":0,"18":0,"19":3,"20":15,"21":0,"22":0,"23":2,"24":2,"25":2,"26":10,"27":0,"28":10,"29":2,"30":0,"31":14,"32":14,"33":6,"34":6,"35":4,"36":4,"37":2,"38":2,"39":2,"40":2,"41":0,"42":0,"43":14,"44":1,"45":0,"46":1,"47":5,"48":1,"49":13,"50":10,"51":10,"52":10,"53":10,"54":6,"55":6,"56":1,"57":1,"58":2,"59":2,"60":1,"61":1,"62":0,"63":10,"64":8,"65":8,"66":8,"67":1,"68":1,"69":2,"70":2,"71":2,"72":2,"73":3,"74":3,"75":8,"76":6,"77":6,"78":6,"79":6,"80":6,"81":6,"82":6,"83":6,"84":6,"85":6,"86":1},"f":{"0":0,"1":0,"2":3,"3":15,"4":0,"5":0,"6":2,"7":14,"8":0,"9":5,"10":13,"11":10,"12":8,"13":6,"14":6},"b":{"0":[0,0],"1":[0,0],"2":[0,10],"3":[6,4,2,2,0],"4":[5,0],"5":[13,0],"6":[6,1,2,1,0],"7":[1,2,2,3,0],"8":[4,2],"9":[4,2]},"_coverageSchema":"1a1c01bbd47fc00a2c39e90264f33305004495a9","hash":"0093055f0a7763f363761cd5abfc0597be327d8d"}
}
