TN:
SF:src/app.js
FN:17,(anonymous_0)
FN:21,processStdin
FN:38,formatStdin
FN:43,(anonymous_3)
FN:46,isEveryCommandCorrect
FN:47,(anonymous_5)
FN:50,findFinalPosition
FN:66,move
FN:90,(anonymous_8)
FN:94,(anonymous_9)
FN:95,(anonymous_10)
FN:97,stepForward
FN:122,stepBackwards
FN:142,rotateClockwise
FN:150,rotateAntiClockwise
FNF:15
FNH:10
FNDA:0,(anonymous_0)
FNDA:0,processStdin
FNDA:3,formatStdin
FNDA:15,(anonymous_3)
FNDA:0,isEveryCommandCorrect
FNDA:0,(anonymous_5)
FNDA:2,findFinalPosition
FNDA:14,move
FNDA:0,(anonymous_8)
FNDA:5,(anonymous_9)
FNDA:13,(anonymous_10)
FNDA:10,stepForward
FNDA:8,stepBackwards
FNDA:6,rotateClockwise
FNDA:6,rotateAntiClockwise
DA:1,1
DA:3,1
DA:7,1
DA:8,1
DA:9,1
DA:10,1
DA:11,1
DA:12,1
DA:14,0
DA:17,1
DA:18,0
DA:23,0
DA:24,0
DA:25,0
DA:26,0
DA:28,0
DA:30,0
DA:32,0
DA:34,0
DA:39,3
DA:43,15
DA:47,0
DA:51,2
DA:52,2
DA:53,2
DA:54,10
DA:55,0
DA:57,10
DA:60,2
DA:62,0
DA:67,14
DA:68,14
DA:70,6
DA:71,6
DA:73,4
DA:74,4
DA:76,2
DA:77,2
DA:79,2
DA:80,2
DA:82,0
DA:85,0
DA:87,14
DA:90,1
DA:91,0
DA:94,5
DA:95,13
DA:98,10
DA:99,10
DA:100,10
DA:101,10
DA:103,6
DA:104,6
DA:106,1
DA:107,1
DA:109,2
DA:110,2
DA:112,1
DA:113,1
DA:117,0
DA:119,10
DA:123,8
DA:124,8
DA:125,8
DA:127,1
DA:128,1
DA:130,2
DA:131,2
DA:133,2
DA:134,2
DA:136,3
DA:137,3
DA:140,8
DA:143,6
DA:144,6
DA:145,6
DA:146,6
DA:147,6
DA:151,6
DA:152,6
DA:153,6
DA:154,6
DA:155,6
DA:158,1
LF:84
LH:67
BRDA:25,0,0,0
BRDA:25,0,1,0
BRDA:47,1,0,0
BRDA:47,1,1,0
BRDA:54,2,0,0
BRDA:54,2,1,10
BRDA:68,3,0,6
BRDA:68,3,1,4
BRDA:68,3,2,2
BRDA:68,3,3,2
BRDA:68,3,4,0
BRDA:94,4,0,5
BRDA:94,4,1,0
BRDA:95,5,0,13
BRDA:95,5,1,0
BRDA:101,6,0,6
BRDA:101,6,1,1
BRDA:101,6,2,2
BRDA:101,6,3,1
BRDA:101,6,4,0
BRDA:125,7,0,1
BRDA:125,7,1,2
BRDA:125,7,2,2
BRDA:125,7,3,3
BRDA:125,7,4,0
BRDA:146,8,0,4
BRDA:146,8,1,2
BRDA:154,9,0,4
BRDA:154,9,1,2
BRF:29
BRH:19
end_of_record
